Optimizing quadratic + quadratic, restart 1/2...
  quadratic + quadratic proxy: 0%
  quadratic + quadratic proxy: 10%
  quadratic + quadratic proxy: 20%
  quadratic + quadratic proxy: 30%
  quadratic + quadratic proxy: 40%
  quadratic + quadratic proxy: 50%
  quadratic + quadratic proxy: 60%
  quadratic + quadratic proxy: 70%
  quadratic + quadratic proxy: 80%
  quadratic + quadratic proxy: 90%
  quadratic + quadratic proxy: 100%
  quadratic + quadratic full: 0%
  quadratic + quadratic full: 10%
  quadratic + quadratic full: 20%
  quadratic + quadratic full: 30%
  quadratic + quadratic full: 40%
  quadratic + quadratic full: 50%
  quadratic + quadratic full: 60%
  quadratic + quadratic full: 70%
  quadratic + quadratic full: 80%
  quadratic + quadratic full: 90%
  quadratic + quadratic full: 100%
  proxy=8.49207, search sensitivity=23.0016 nT/sqrt(Hz)
Optimizing quadratic + quadratic, restart 2/2...
  quadratic + quadratic proxy: 0%
  quadratic + quadratic proxy: 10%
  quadratic + quadratic proxy: 20%
  quadratic + quadratic proxy: 30%
  quadratic + quadratic proxy: 40%
  quadratic + quadratic proxy: 50%
  quadratic + quadratic proxy: 60%
  quadratic + quadratic proxy: 70%
  quadratic + quadratic proxy: 80%
  quadratic + quadratic proxy: 90%
  quadratic + quadratic proxy: 100%
  quadratic + quadratic full: 0%
  quadratic + quadratic full: 10%
  quadratic + quadratic full: 20%
  quadratic + quadratic full: 30%
  quadratic + quadratic full: 40%
  quadratic + quadratic full: 50%
  quadratic + quadratic full: 60%
  quadratic + quadratic full: 70%
  quadratic + quadratic full: 80%
  quadratic + quadratic full: 90%
  quadratic + quadratic full: 100%
  proxy=8.67749, search sensitivity=22.4523 nT/sqrt(Hz)
  refined sensitivity=22.3577 nT/sqrt(Hz), parameters={'central_lens_type': 'quadratic', 'side_lens_type': 'quadratic', 'air_gap_um': 36.0, 'central_side_overlap_um': 54.0, 'side_side_overlap_um': 70.0, 'side_core_offset_um': -19.0, 'central_height_um': 120.0, 'side_height_um': 30.0, 'central_aperture_um': 27.0, 'side_aperture_um': 43.0, 'central_shape': {'radius_scale': 1.0032805435528644, 'radius_x_um': 31.289821183030853, 'radius_y_um': 31.289821183030853, 'vertex_tilt_deg': -3.166133556759962e-16}, 'side_shape': {'tilt_scale': 1.0339492324771349, 'radius_scale': 1.0164564119801396, 'radius_x_um': 77.65488511012975, 'radius_y_um': 77.65488511012975, 'vertex_tilt_deg': 7.717520694888234}}
Optimizing quadratic + asphere, restart 1/2...
  quadratic + asphere proxy: 0%
  quadratic + asphere proxy: 10%
  quadratic + asphere proxy: 20%
  quadratic + asphere proxy: 30%
  quadratic + asphere proxy: 40%
  quadratic + asphere proxy: 50%
  quadratic + asphere proxy: 60%
  quadratic + asphere proxy: 70%
  quadratic + asphere proxy: 80%
  quadratic + asphere proxy: 90%
  quadratic + asphere proxy: 100%
  quadratic + asphere full: 0%
  quadratic + asphere full: 10%
  quadratic + asphere full: 20%
  quadratic + asphere full: 30%
  quadratic + asphere full: 40%
  quadratic + asphere full: 50%
  quadratic + asphere full: 60%
  quadratic + asphere full: 70%
  quadratic + asphere full: 80%
  quadratic + asphere full: 90%
  quadratic + asphere full: 100%
  proxy=8.27345, search sensitivity=21.0945 nT/sqrt(Hz)
Optimizing quadratic + asphere, restart 2/2...
  quadratic + asphere proxy: 0%
  quadratic + asphere proxy: 10%
  quadratic + asphere proxy: 20%
  quadratic + asphere proxy: 30%
  quadratic + asphere proxy: 40%
  quadratic + asphere proxy: 50%
  quadratic + asphere proxy: 60%
  quadratic + asphere proxy: 70%
  quadratic + asphere proxy: 80%
  quadratic + asphere proxy: 90%
  quadratic + asphere proxy: 100%
  quadratic + asphere full: 0%
  quadratic + asphere full: 10%
  quadratic + asphere full: 20%
  quadratic + asphere full: 30%
  quadratic + asphere full: 40%
  quadratic + asphere full: 50%
  quadratic + asphere full: 60%
  quadratic + asphere full: 70%
  quadratic + asphere full: 80%
  quadratic + asphere full: 90%
  quadratic + asphere full: 100%
  proxy=7.98936, search sensitivity=22.6821 nT/sqrt(Hz)
  refined sensitivity=20.5436 nT/sqrt(Hz), parameters={'central_lens_type': 'quadratic', 'side_lens_type': 'asphere', 'air_gap_um': 29.0, 'central_side_overlap_um': 78.0, 'side_side_overlap_um': 115.0, 'side_core_offset_um': -28.0, 'central_height_um': 100.0, 'side_height_um': 47.0, 'central_aperture_um': 24.0, 'side_aperture_um': 61.0, 'central_shape': {'radius_scale': 0.9935446858357293, 'radius_x_um': 28.92249631010744, 'radius_y_um': 28.92249631010744, 'vertex_tilt_deg': -2.772448481134474e-16}, 'side_shape': {'tilt_scale': 0.8838025262610458, 'radius_scale': 1.0069730559331134, 'asphere_scale': 0.9972419469313558, 'radius_x_um': 48.713612077957066, 'radius_y_um': 48.713612077957066, 'vertex_tilt_deg': -1.612065043289424}}
Optimizing quadratic + biconic, restart 1/2...
  quadratic + biconic proxy: 0%
  quadratic + biconic proxy: 10%
  quadratic + biconic proxy: 20%
  quadratic + biconic proxy: 30%
  quadratic + biconic proxy: 40%
  quadratic + biconic proxy: 50%
  quadratic + biconic proxy: 60%
  quadratic + biconic proxy: 70%
  quadratic + biconic proxy: 80%
  quadratic + biconic proxy: 90%
  quadratic + biconic proxy: 100%
  quadratic + biconic full: 0%
  quadratic + biconic full: 10%
  quadratic + biconic full: 20%
  quadratic + biconic full: 30%
  quadratic + biconic full: 40%
  quadratic + biconic full: 50%
  quadratic + biconic full: 60%
  quadratic + biconic full: 70%
  quadratic + biconic full: 80%
  quadratic + biconic full: 90%
  quadratic + biconic full: 100%
  proxy=8.74304, search sensitivity=19.1245 nT/sqrt(Hz)
Optimizing quadratic + biconic, restart 2/2...
  quadratic + biconic proxy: 0%
  quadratic + biconic proxy: 10%
  quadratic + biconic proxy: 20%
  quadratic + biconic proxy: 30%
  quadratic + biconic proxy: 40%
  quadratic + biconic proxy: 50%
  quadratic + biconic proxy: 60%
  quadratic + biconic proxy: 70%
  quadratic + biconic proxy: 80%
  quadratic + biconic proxy: 90%
  quadratic + biconic proxy: 100%
  quadratic + biconic full: 0%
  quadratic + biconic full: 10%
  quadratic + biconic full: 20%
  quadratic + biconic full: 30%
  quadratic + biconic full: 40%
  quadratic + biconic full: 50%
  quadratic + biconic full: 60%
